# JRE version: OpenJDK Runtime Environment Temurin-17.0.7+7 (17.0.7+7) (build 17.0.7+7)
# Java VM: OpenJDK 64-Bit Server VM Temurin-17.0.7+7 (17.0.7+7, mixed mode, sharing, tiered, compressed oops, compressed class ptrs, g1 gc, windows-amd64)
GC Precious Log:
 CPUs: 8 total, 8 available
 Memory: 32599M
 Large Page Support: Disabled
 NUMA Support: Disabled
 Compressed Oops: Enabled (Zero based)
 Heap Region Size: 2M
 Heap Min Capacity: 512M
 Heap Initial Capacity: 512M
 Heap Max Capacity: 4072M
 Pre-touch: Disabled
 Parallel Workers: 8
 Concurrent Workers: 2
 Concurrent Refinement Workers: 8
 Periodic GC: Disabled
 String Deduplication is enabled
Heap:
 garbage-first heap   total 524288K, used 150360K [0x0000000701800000, 0x0000000800000000)
  region size 2048K, 5 young (10240K), 0 survivors (0K)
 Metaspace       used 95828K, committed 96704K, reserved 1179648K
  class space    used 13248K, committed 13696K, reserved 1048576K
GC Heap History (20 events):
Event: 2358.050 GC heap before
{Heap before GC invocations=204 (full 64):
 garbage-first heap   total 524288K, used 220798K [0x0000000701800000, 0x0000000800000000)
  region size 2048K, 40 young (81920K), 5 survivors (10240K)
 Metaspace       used 95704K, committed 96512K, reserved 1179648K
  class space    used 13235K, committed 13632K, reserved 1048576K
}
Event: 2358.057 GC heap after
{Heap after GC invocations=205 (full 64):
 garbage-first heap   total 524288K, used 150532K [0x0000000701800000, 0x0000000800000000)
  region size 2048K, 2 young (4096K), 2 survivors (4096K)
 Metaspace       used 95704K, committed 96512K, reserved 1179648K
  class space    used 13235K, committed 13632K, reserved 1048576K
}
Event: 2358.244 GC heap before
{Heap before GC invocations=205 (full 64):
 garbage-first heap   total 524288K, used 168964K [0x0000000701800000, 0x0000000800000000)
  region size 2048K, 10 young (20480K), 2 survivors (4096K)
 Metaspace       used 95718K, committed 96576K, reserved 1179648K
  class space    used 13235K, committed 13632K, reserved 1048576K
}
Event: 2358.247 GC heap after
{Heap after GC invocations=206 (full 64):
 garbage-first heap   total 524288K, used 154723K [0x0000000701800000, 0x0000000800000000)
  region size 2048K, 2 young (4096K), 2 survivors (4096K)
 Metaspace       used 95718K, committed 96576K, reserved 1179648K
  class space    used 13235K, committed 13632K, reserved 1048576K
}
Event: 2360.822 GC heap before
{Heap before GC invocations=206 (full 64):
 garbage-first heap   total 524288K, used 220259K [0x0000000701800000, 0x0000000800000000)
  region size 2048K, 32 young (65536K), 2 survivors (4096K)
 Metaspace       used 95740K, committed 96576K, reserved 1179648K
  class space    used 13235K, committed 13632K, reserved 1048576K
}
Event: 2360.913 GC heap after
{Heap after GC invocations=207 (full 65):
 garbage-first heap   total 524288K, used 144866K [0x0000000701800000, 0x0000000800000000)
  region size 2048K, 0 young (0K), 0 survivors (0K)
 Metaspace       used 95740K, committed 96576K, reserved 1179648K
  class space    used 13235K, committed 13632K, reserved 1048576K
}
Event: 2361.831 GC heap before
{Heap before GC invocations=207 (full 65):
 garbage-first heap   total 524288K, used 148962K [0x0000000701800000, 0x0000000800000000)
  region size 2048K, 2 young (4096K), 0 survivors (0K)
 Metaspace       used 95743K, committed 96576K, reserved 1179648K
  class space    used 13235K, committed 13632K, reserved 1048576K
}
Event: 2361.924 GC heap after
{Heap after GC invocations=208 (full 66):
 garbage-first heap   total 524288K, used 144150K [0x0000000701800000, 0x0000000800000000)
  region size 2048K, 0 young (0K), 0 survivors (0K)
 Metaspace       used 95743K, committed 96576K, reserved 1179648K
  class space    used 13235K, committed 13632K, reserved 1048576K
}
Event: 2362.350 GC heap before
{Heap before GC invocations=208 (full 66):
 garbage-first heap   total 524288K, used 146198K [0x0000000701800000, 0x0000000800000000)
  region size 2048K, 1 young (2048K), 0 survivors (0K)
 Metaspace       used 95743K, committed 96576K, reserved 1179648K
  class space    used 13235K, committed 13632K, reserved 1048576K
}
Event: 2362.440 GC heap after
{Heap after GC invocations=209 (full 67):
 garbage-first heap   total 524288K, used 144142K [0x0000000701800000, 0x0000000800000000)
  region size 2048K, 0 young (0K), 0 survivors (0K)
 Metaspace       used 95743K, committed 96576K, reserved 1179648K
  class space    used 13235K, committed 13632K, reserved 1048576K
}
Event: 2362.874 GC heap before
{Heap before GC invocations=209 (full 67):
 garbage-first heap   total 524288K, used 146190K [0x0000000701800000, 0x0000000800000000)
  region size 2048K, 1 young (2048K), 0 survivors (0K)
 Metaspace       used 95750K, committed 96576K, reserved 1179648K
  class space    used 13235K, committed 13632K, reserved 1048576K
}
Event: 2362.967 GC heap after
{Heap after GC invocations=210 (full 68):
 garbage-first heap   total 524288K, used 144148K [0x0000000701800000, 0x0000000800000000)
  region size 2048K, 0 young (0K), 0 survivors (0K)
 Metaspace       used 95750K, committed 96576K, reserved 1179648K
  class space    used 13235K, committed 13632K, reserved 1048576K
}
Event: 2416.036 GC heap before
{Heap before GC invocations=210 (full 68):
 garbage-first heap   total 524288K, used 209684K [0x0000000701800000, 0x0000000800000000)
  region size 2048K, 31 young (63488K), 0 survivors (0K)
 Metaspace       used 95761K, committed 96576K, reserved 1179648K
  class space    used 13236K, committed 13632K, reserved 1048576K
}
Event: 2416.128 GC heap after
{Heap after GC invocations=211 (full 69):
 garbage-first heap   total 524288K, used 143958K [0x0000000701800000, 0x0000000800000000)
  region size 2048K, 0 young (0K), 0 survivors (0K)
 Metaspace       used 95761K, committed 96576K, reserved 1179648K
  class space    used 13236K, committed 13632K, reserved 1048576K
}
Event: 2423.771 GC heap before
{Heap before GC invocations=211 (full 69):
 garbage-first heap   total 524288K, used 176726K [0x0000000701800000, 0x0000000800000000)
  region size 2048K, 17 young (34816K), 0 survivors (0K)
 Metaspace       used 95825K, committed 96704K, reserved 1179648K
  class space    used 13248K, committed 13696K, reserved 1048576K
}
Event: 2423.861 GC heap after
{Heap after GC invocations=212 (full 70):
 garbage-first heap   total 524288K, used 142054K [0x0000000701800000, 0x0000000800000000)
  region size 2048K, 0 young (0K), 0 survivors (0K)
 Metaspace       used 95825K, committed 96704K, reserved 1179648K
  class space    used 13248K, committed 13696K, reserved 1048576K
}
Event: 2425.443 GC heap before
{Heap before GC invocations=212 (full 70):
 garbage-first heap   total 524288K, used 152294K [0x0000000701800000, 0x0000000800000000)
  region size 2048K, 4 young (8192K), 0 survivors (0K)
 Metaspace       used 95827K, committed 96704K, reserved 1179648K
  class space    used 13248K, committed 13696K, reserved 1048576K
}
Event: 2425.526 GC heap after
{Heap after GC invocations=213 (full 71):
 garbage-first heap   total 524288K, used 143761K [0x0000000701800000, 0x0000000800000000)
  region size 2048K, 0 young (0K), 0 survivors (0K)
 Metaspace       used 95827K, committed 96704K, reserved 1179648K
  class space    used 13248K, committed 13696K, reserved 1048576K
}
Event: 2435.646 GC heap before
{Heap before GC invocations=213 (full 71):
 garbage-first heap   total 524288K, used 160145K [0x0000000701800000, 0x0000000800000000)
  region size 2048K, 8 young (16384K), 0 survivors (0K)
 Metaspace       used 95828K, committed 96704K, reserved 1179648K
  class space    used 13248K, committed 13696K, reserved 1048576K
}
Event: 2435.726 GC heap after
{Heap after GC invocations=214 (full 72):
 garbage-first heap   total 524288K, used 142168K [0x0000000701800000, 0x0000000800000000)
  region size 2048K, 0 young (0K), 0 survivors (0K)
 Metaspace       used 95828K, committed 96704K, reserved 1179648K
  class space    used 13248K, committed 13696K, reserved 1048576K
}

