# JRE version: OpenJDK Runtime Environment Temurin-17.0.7+7 (17.0.7+7) (build 17.0.7+7)
# Java VM: OpenJDK 64-Bit Server VM Temurin-17.0.7+7 (17.0.7+7, mixed mode, sharing, tiered, compressed oops, compressed class ptrs, g1 gc, windows-amd64)
GC Precious Log:
 CPUs: 8 total, 8 available
 Memory: 32599M
 Large Page Support: Disabled
 NUMA Support: Disabled
 Compressed Oops: Enabled (Zero based)
 Heap Region Size: 2M
 Heap Min Capacity: 512M
 Heap Initial Capacity: 512M
 Heap Max Capacity: 4072M
 Pre-touch: Disabled
 Parallel Workers: 8
 Concurrent Workers: 2
 Concurrent Refinement Workers: 8
 Periodic GC: Disabled
 String Deduplication is enabled
Heap:
 garbage-first heap   total 524288K, used 142050K [0x0000000701800000, 0x0000000800000000)
  region size 2048K, 15 young (30720K), 0 survivors (0K)
 Metaspace       used 92057K, committed 92800K, reserved 1179648K
  class space    used 12814K, committed 13184K, reserved 1048576K
GC Heap History (20 events):
Event: 1101.968 GC heap before
{Heap before GC invocations=68 (full 11):
 garbage-first heap   total 524288K, used 188017K [0x0000000701800000, 0x0000000800000000)
  region size 2048K, 40 young (81920K), 1 survivors (2048K)
 Metaspace       used 91653K, committed 92416K, reserved 1179648K
  class space    used 12813K, committed 13184K, reserved 1048576K
}
Event: 1101.972 GC heap after
{Heap after GC invocations=69 (full 11):
 garbage-first heap   total 524288K, used 110486K [0x0000000701800000, 0x0000000800000000)
  region size 2048K, 2 young (4096K), 2 survivors (4096K)
 Metaspace       used 91653K, committed 92416K, reserved 1179648K
  class space    used 12813K, committed 13184K, reserved 1048576K
}
Event: 1121.447 GC heap before
{Heap before GC invocations=69 (full 11):
 garbage-first heap   total 524288K, used 188310K [0x0000000701800000, 0x0000000800000000)
  region size 2048K, 40 young (81920K), 2 survivors (4096K)
 Metaspace       used 91682K, committed 92416K, reserved 1179648K
  class space    used 12813K, committed 13184K, reserved 1048576K
}
Event: 1121.451 GC heap after
{Heap after GC invocations=70 (full 11):
 garbage-first heap   total 524288K, used 110552K [0x0000000701800000, 0x0000000800000000)
  region size 2048K, 2 young (4096K), 2 survivors (4096K)
 Metaspace       used 91682K, committed 92416K, reserved 1179648K
  class space    used 12813K, committed 13184K, reserved 1048576K
}
Event: 1137.633 GC heap before
{Heap before GC invocations=70 (full 11):
 garbage-first heap   total 524288K, used 188376K [0x0000000701800000, 0x0000000800000000)
  region size 2048K, 40 young (81920K), 2 survivors (4096K)
 Metaspace       used 91729K, committed 92416K, reserved 1179648K
  class space    used 12813K, committed 13184K, reserved 1048576K
}
Event: 1137.638 GC heap after
{Heap after GC invocations=71 (full 11):
 garbage-first heap   total 524288K, used 112587K [0x0000000701800000, 0x0000000800000000)
  region size 2048K, 3 young (6144K), 3 survivors (6144K)
 Metaspace       used 91729K, committed 92416K, reserved 1179648K
  class space    used 12813K, committed 13184K, reserved 1048576K
}
Event: 1142.658 GC heap before
{Heap before GC invocations=71 (full 11):
 garbage-first heap   total 524288K, used 188363K [0x0000000701800000, 0x0000000800000000)
  region size 2048K, 40 young (81920K), 3 survivors (6144K)
 Metaspace       used 91775K, committed 92544K, reserved 1179648K
  class space    used 12813K, committed 13184K, reserved 1048576K
}
Event: 1142.662 GC heap after
{Heap after GC invocations=72 (full 11):
 garbage-first heap   total 524288K, used 112848K [0x0000000701800000, 0x0000000800000000)
  region size 2048K, 3 young (6144K), 3 survivors (6144K)
 Metaspace       used 91775K, committed 92544K, reserved 1179648K
  class space    used 12813K, committed 13184K, reserved 1048576K
}
Event: 1145.196 GC heap before
{Heap before GC invocations=72 (full 11):
 garbage-first heap   total 524288K, used 188624K [0x0000000701800000, 0x0000000800000000)
  region size 2048K, 40 young (81920K), 3 survivors (6144K)
 Metaspace       used 91829K, committed 92544K, reserved 1179648K
  class space    used 12813K, committed 13184K, reserved 1048576K
}
Event: 1145.201 GC heap after
{Heap after GC invocations=73 (full 11):
 garbage-first heap   total 524288K, used 113514K [0x0000000701800000, 0x0000000800000000)
  region size 2048K, 3 young (6144K), 3 survivors (6144K)
 Metaspace       used 91829K, committed 92544K, reserved 1179648K
  class space    used 12813K, committed 13184K, reserved 1048576K
}
Event: 1145.853 GC heap before
{Heap before GC invocations=73 (full 11):
 garbage-first heap   total 524288K, used 189290K [0x0000000701800000, 0x0000000800000000)
  region size 2048K, 40 young (81920K), 3 survivors (6144K)
 Metaspace       used 91857K, committed 92544K, reserved 1179648K
  class space    used 12813K, committed 13184K, reserved 1048576K
}
Event: 1145.860 GC heap after
{Heap after GC invocations=74 (full 11):
 garbage-first heap   total 524288K, used 113495K [0x0000000701800000, 0x0000000800000000)
  region size 2048K, 3 young (6144K), 3 survivors (6144K)
 Metaspace       used 91857K, committed 92544K, reserved 1179648K
  class space    used 12813K, committed 13184K, reserved 1048576K
}
Event: 1155.711 GC heap before
{Heap before GC invocations=74 (full 11):
 garbage-first heap   total 524288K, used 189271K [0x0000000701800000, 0x0000000800000000)
  region size 2048K, 40 young (81920K), 3 survivors (6144K)
 Metaspace       used 91885K, committed 92672K, reserved 1179648K
  class space    used 12813K, committed 13184K, reserved 1048576K
}
Event: 1155.718 GC heap after
{Heap after GC invocations=75 (full 11):
 garbage-first heap   total 524288K, used 115564K [0x0000000701800000, 0x0000000800000000)
  region size 2048K, 4 young (8192K), 4 survivors (8192K)
 Metaspace       used 91885K, committed 92672K, reserved 1179648K
  class space    used 12813K, committed 13184K, reserved 1048576K
}
Event: 1156.200 GC heap before
{Heap before GC invocations=75 (full 11):
 garbage-first heap   total 524288K, used 189292K [0x0000000701800000, 0x0000000800000000)
  region size 2048K, 40 young (81920K), 4 survivors (8192K)
 Metaspace       used 91903K, committed 92672K, reserved 1179648K
  class space    used 12813K, committed 13184K, reserved 1048576K
}
Event: 1156.208 GC heap after
{Heap after GC invocations=76 (full 11):
 garbage-first heap   total 524288K, used 117370K [0x0000000701800000, 0x0000000800000000)
  region size 2048K, 4 young (8192K), 4 survivors (8192K)
 Metaspace       used 91903K, committed 92672K, reserved 1179648K
  class space    used 12813K, committed 13184K, reserved 1048576K
}
Event: 1156.894 GC heap before
{Heap before GC invocations=76 (full 11):
 garbage-first heap   total 524288K, used 172666K [0x0000000701800000, 0x0000000800000000)
  region size 2048K, 29 young (59392K), 4 survivors (8192K)
 Metaspace       used 91996K, committed 92736K, reserved 1179648K
  class space    used 12813K, committed 13184K, reserved 1048576K
}
Event: 1156.990 GC heap after
{Heap after GC invocations=77 (full 12):
 garbage-first heap   total 524288K, used 117089K [0x0000000701800000, 0x0000000800000000)
  region size 2048K, 0 young (0K), 0 survivors (0K)
 Metaspace       used 91996K, committed 92736K, reserved 1179648K
  class space    used 12813K, committed 13184K, reserved 1048576K
}
Event: 1160.676 GC heap before
{Heap before GC invocations=77 (full 12):
 garbage-first heap   total 524288K, used 153953K [0x0000000701800000, 0x0000000800000000)
  region size 2048K, 17 young (34816K), 0 survivors (0K)
 Metaspace       used 92037K, committed 92800K, reserved 1179648K
  class space    used 12813K, committed 13184K, reserved 1048576K
}
Event: 1160.764 GC heap after
{Heap after GC invocations=78 (full 13):
 garbage-first heap   total 524288K, used 113378K [0x0000000701800000, 0x0000000800000000)
  region size 2048K, 0 young (0K), 0 survivors (0K)
 Metaspace       used 92037K, committed 92800K, reserved 1179648K
  class space    used 12813K, committed 13184K, reserved 1048576K
}

