# JRE version: OpenJDK Runtime Environment Temurin-17.0.7+7 (17.0.7+7) (build 17.0.7+7)
# Java VM: OpenJDK 64-Bit Server VM Temurin-17.0.7+7 (17.0.7+7, mixed mode, sharing, tiered, compressed oops, compressed class ptrs, g1 gc, windows-amd64)
GC Precious Log:
 CPUs: 8 total, 8 available
 Memory: 32599M
 Large Page Support: Disabled
 NUMA Support: Disabled
 Compressed Oops: Enabled (Zero based)
 Heap Region Size: 2M
 Heap Min Capacity: 512M
 Heap Initial Capacity: 512M
 Heap Max Capacity: 4072M
 Pre-touch: Disabled
 Parallel Workers: 8
 Concurrent Workers: 2
 Concurrent Refinement Workers: 8
 Periodic GC: Disabled
 String Deduplication is enabled
Heap:
 garbage-first heap   total 524288K, used 197081K [0x0000000701800000, 0x0000000800000000)
  region size 2048K, 30 young (61440K), 2 survivors (4096K)
 Metaspace       used 95388K, committed 96192K, reserved 1179648K
  class space    used 12896K, committed 13312K, reserved 1048576K
GC Heap History (20 events):
Event: 3711.483 GC heap before
{Heap before GC invocations=356 (full 119):
 garbage-first heap   total 524288K, used 207182K [0x0000000701800000, 0x0000000800000000)
  region size 2048K, 33 young (67584K), 2 survivors (4096K)
 Metaspace       used 95224K, committed 96064K, reserved 1179648K
  class space    used 12887K, committed 13312K, reserved 1048576K
}
Event: 3711.616 GC heap after
{Heap after GC invocations=357 (full 120):
 garbage-first heap   total 524288K, used 140498K [0x0000000701800000, 0x0000000800000000)
  region size 2048K, 0 young (0K), 0 survivors (0K)
 Metaspace       used 95224K, committed 96064K, reserved 1179648K
  class space    used 12887K, committed 13312K, reserved 1048576K
}
Event: 3711.990 GC heap before
{Heap before GC invocations=357 (full 120):
 garbage-first heap   total 524288K, used 140498K [0x0000000701800000, 0x0000000800000000)
  region size 2048K, 2 young (4096K), 0 survivors (0K)
 Metaspace       used 95224K, committed 96064K, reserved 1179648K
  class space    used 12887K, committed 13312K, reserved 1048576K
}
Event: 3712.135 GC heap after
{Heap after GC invocations=358 (full 121):
 garbage-first heap   total 524288K, used 139415K [0x0000000701800000, 0x0000000800000000)
  region size 2048K, 0 young (0K), 0 survivors (0K)
 Metaspace       used 95224K, committed 96064K, reserved 1179648K
  class space    used 12887K, committed 13312K, reserved 1048576K
}
Event: 3712.515 GC heap before
{Heap before GC invocations=358 (full 121):
 garbage-first heap   total 524288K, used 139415K [0x0000000701800000, 0x0000000800000000)
  region size 2048K, 2 young (4096K), 0 survivors (0K)
 Metaspace       used 95224K, committed 96064K, reserved 1179648K
  class space    used 12887K, committed 13312K, reserved 1048576K
}
Event: 3712.633 GC heap after
{Heap after GC invocations=359 (full 122):
 garbage-first heap   total 524288K, used 139405K [0x0000000701800000, 0x0000000800000000)
  region size 2048K, 0 young (0K), 0 survivors (0K)
 Metaspace       used 95224K, committed 96064K, reserved 1179648K
  class space    used 12887K, committed 13312K, reserved 1048576K
}
Event: 3713.060 GC heap before
{Heap before GC invocations=359 (full 122):
 garbage-first heap   total 524288K, used 139405K [0x0000000701800000, 0x0000000800000000)
  region size 2048K, 2 young (4096K), 0 survivors (0K)
 Metaspace       used 95224K, committed 96064K, reserved 1179648K
  class space    used 12887K, committed 13312K, reserved 1048576K
}
Event: 3713.200 GC heap after
{Heap after GC invocations=360 (full 123):
 garbage-first heap   total 524288K, used 139416K [0x0000000701800000, 0x0000000800000000)
  region size 2048K, 0 young (0K), 0 survivors (0K)
 Metaspace       used 95224K, committed 96064K, reserved 1179648K
  class space    used 12887K, committed 13312K, reserved 1048576K
}
Event: 3739.139 GC heap before
{Heap before GC invocations=360 (full 123):
 garbage-first heap   total 524288K, used 221336K [0x0000000701800000, 0x0000000800000000)
  region size 2048K, 40 young (81920K), 0 survivors (0K)
 Metaspace       used 95224K, committed 96064K, reserved 1179648K
  class space    used 12887K, committed 13312K, reserved 1048576K
}
Event: 3739.142 GC heap after
{Heap after GC invocations=361 (full 123):
 garbage-first heap   total 524288K, used 139927K [0x0000000701800000, 0x0000000800000000)
  region size 2048K, 1 young (2048K), 1 survivors (2048K)
 Metaspace       used 95224K, committed 96064K, reserved 1179648K
  class space    used 12887K, committed 13312K, reserved 1048576K
}
Event: 3795.463 GC heap before
{Heap before GC invocations=361 (full 123):
 garbage-first heap   total 524288K, used 219799K [0x0000000701800000, 0x0000000800000000)
  region size 2048K, 40 young (81920K), 1 survivors (2048K)
 Metaspace       used 95224K, committed 96064K, reserved 1179648K
  class space    used 12887K, committed 13312K, reserved 1048576K
}
Event: 3795.475 GC heap after
{Heap after GC invocations=362 (full 123):
 garbage-first heap   total 524288K, used 139925K [0x0000000701800000, 0x0000000800000000)
  region size 2048K, 1 young (2048K), 1 survivors (2048K)
 Metaspace       used 95224K, committed 96064K, reserved 1179648K
  class space    used 12887K, committed 13312K, reserved 1048576K
}
Event: 3833.669 GC heap before
{Heap before GC invocations=362 (full 123):
 garbage-first heap   total 524288K, used 219797K [0x0000000701800000, 0x0000000800000000)
  region size 2048K, 40 young (81920K), 1 survivors (2048K)
 Metaspace       used 95228K, committed 96064K, reserved 1179648K
  class space    used 12887K, committed 13312K, reserved 1048576K
}
Event: 3833.678 GC heap after
{Heap after GC invocations=363 (full 123):
 garbage-first heap   total 524288K, used 139992K [0x0000000701800000, 0x0000000800000000)
  region size 2048K, 1 young (2048K), 1 survivors (2048K)
 Metaspace       used 95228K, committed 96064K, reserved 1179648K
  class space    used 12887K, committed 13312K, reserved 1048576K
}
Event: 3849.677 GC heap before
{Heap before GC invocations=363 (full 123):
 garbage-first heap   total 524288K, used 219864K [0x0000000701800000, 0x0000000800000000)
  region size 2048K, 40 young (81920K), 1 survivors (2048K)
 Metaspace       used 95258K, committed 96064K, reserved 1179648K
  class space    used 12887K, committed 13312K, reserved 1048576K
}
Event: 3849.681 GC heap after
{Heap after GC invocations=364 (full 123):
 garbage-first heap   total 524288K, used 140778K [0x0000000701800000, 0x0000000800000000)
  region size 2048K, 1 young (2048K), 1 survivors (2048K)
 Metaspace       used 95258K, committed 96064K, reserved 1179648K
  class space    used 12887K, committed 13312K, reserved 1048576K
}
Event: 3862.352 GC heap before
{Heap before GC invocations=364 (full 123):
 garbage-first heap   total 524288K, used 220650K [0x0000000701800000, 0x0000000800000000)
  region size 2048K, 40 young (81920K), 1 survivors (2048K)
 Metaspace       used 95354K, committed 96128K, reserved 1179648K
  class space    used 12896K, committed 13312K, reserved 1048576K
}
Event: 3862.357 GC heap after
{Heap after GC invocations=365 (full 123):
 garbage-first heap   total 524288K, used 141658K [0x0000000701800000, 0x0000000800000000)
  region size 2048K, 2 young (4096K), 2 survivors (4096K)
 Metaspace       used 95354K, committed 96128K, reserved 1179648K
  class space    used 12896K, committed 13312K, reserved 1048576K
}
Event: 3864.612 GC heap before
{Heap before GC invocations=365 (full 123):
 garbage-first heap   total 524288K, used 219482K [0x0000000701800000, 0x0000000800000000)
  region size 2048K, 40 young (81920K), 2 survivors (4096K)
 Metaspace       used 95386K, committed 96192K, reserved 1179648K
  class space    used 12896K, committed 13312K, reserved 1048576K
}
Event: 3864.616 GC heap after
{Heap after GC invocations=366 (full 123):
 garbage-first heap   total 524288K, used 141785K [0x0000000701800000, 0x0000000800000000)
  region size 2048K, 2 young (4096K), 2 survivors (4096K)
 Metaspace       used 95386K, committed 96192K, reserved 1179648K
  class space    used 12896K, committed 13312K, reserved 1048576K
}

